

> web-customer@0.1.0 build
> next build

[1G[0K- [36minfo[39m Loaded env from /Users/mattiagori/Desktop/clubster-nextjs/apps/web-customer/.env.local
[?25l- [36minfo[39m Creating an optimized production build [36m.[39m[2K[1G- [36minfo[39m Creating an optimized production build [36m..[39m[2K[1G- [36minfo[39m Creating an optimized production build [36m...[39m[2K[1G- [36minfo[39m Creating an optimized production build [36m.[39m[2K[1G- [36minfo[39m Creating an optimized production build [36m..[39m[2K[1G- [36minfo[39m Creating an optimized production build [36m...[39m[2K[1G- [36minfo[39m Creating an optimized production build [36m.[39m[2K[1G- [36minfo[39m Creating an optimized production build [36m..[39m[2K[1G- [36minfo[39m Creating an optimized production build [36m...[39m[2K[1G- [36minfo[39m Creating an optimized production build [36m.[39m[2K[1G- [36minfo[39m Creating an optimized production build [36m..[39m[2K[1G- [36minfo[39m Creating an optimized production build [36m...[39m[2K[1G- [36minfo[39m Creating an optimized production build [36m.[39m[2K[1G- [36minfo[39m Creating an optimized production build [36m..[39m[2K[1G- [36minfo[39m Creating an optimized production build [36m...[39m[2K[1G- [36minfo[39m Creating an optimized production build [36m.[39m[2K[1G[?25h- [36minfo[39m Creating an optimized production build  
- [36minfo[39m Compiled successfully
[?25l- [36minfo[39m Linting and checking validity of types [36m.[39m[2K[1G- [36minfo[39m Linting and checking validity of types [36m..[39m[2K[1G- [36minfo[39m Linting and checking validity of types [36m...[39m[2K[1G- [36minfo[39m Linting and checking validity of types [36m.[39m[2K[1G- [36minfo[39m Linting and checking validity of types [36m..[39m[2K[1G- [36minfo[39m Linting and checking validity of types [36m...[39m[2K[1G- [36minfo[39m Linting and checking validity of types [36m.[39m[2K[1G- [36minfo[39m Linting and checking validity of types [36m..[39m[2K[1G- [36minfo[39m Linting and checking validity of types [36m...[39m[2K[1G- [36minfo[39m Linting and checking validity of types [36m.[39m[2K[1G- [36minfo[39m Linting and checking validity of types [36m..[39m[2K[1G[?25h- [36minfo[39m Linting and checking validity of types  
[?25l- [36minfo[39m Collecting page data [36m.[39m[2K[1G- [36minfo[39m Collecting page data [36m..[39m[2K[1G- [36minfo[39m Collecting page data [36m...[39m[2K[1G- [36minfo[39m Collecting page data [36m.[39m[2K[1G- [36minfo[39m Collecting page data [36m..[39m[2K[1G- [36minfo[39m Collecting page data [36m...[39m[2K[1G- [36minfo[39m Collecting page data [36m.[39m[2K[1G- [36minfo[39m Collecting page data [36m..[39m[2K[1G- [36minfo[39m Collecting page data [36m...[39m[2K[1G- [36minfo[39m Collecting page data [36m.[39m[2K[1G- [36minfo[39m Collecting page data [36m..[39m[2K[1G- [36minfo[39m Collecting page data [36m...[39m[2K[1G[?25h- [36minfo[39m Collecting page data  
[?25l[36m[    ][39m - [36minfo[39m Generating static pages (0/18)(node:21794) [DEP0040] DeprecationWarning: The `punycode` module is deprecated. Please use a userland alternative instead.
(Use `node --trace-deprecation ...` to show where the warning was created)
- warn Entire page /login deopted into client-side rendering. https://nextjs.org/docs/messages/deopted-into-client-rendering /login
(node:21797) [DEP0040] DeprecationWarning: The `punycode` module is deprecated. Please use a userland alternative instead.
(Use `node --trace-deprecation ...` to show where the warning was created)
(node:21792) [DEP0040] DeprecationWarning: The `punycode` module is deprecated. Please use a userland alternative instead.
(Use `node --trace-deprecation ...` to show where the warning was created)
(node:21798) [DEP0040] DeprecationWarning: The `punycode` module is deprecated. Please use a userland alternative instead.
(Use `node --trace-deprecation ...` to show where the warning was created)
(node:21795) [DEP0040] DeprecationWarning: The `punycode` module is deprecated. Please use a userland alternative instead.
(Use `node --trace-deprecation ...` to show where the warning was created)
(node:21793) [DEP0040] DeprecationWarning: The `punycode` module is deprecated. Please use a userland alternative instead.
(Use `node --trace-deprecation ...` to show where the warning was created)
- warn Entire page /add-review deopted into client-side rendering. https://nextjs.org/docs/messages/deopted-into-client-rendering /add-review
- warn Entire page /checkout/success deopted into client-side rendering. https://nextjs.org/docs/messages/deopted-into-client-rendering /checkout/success
(node:21791) [DEP0040] DeprecationWarning: The `punycode` module is deprecated. Please use a userland alternative instead.
(Use `node --trace-deprecation ...` to show where the warning was created)
- warn Entire page /club-details deopted into client-side rendering. https://nextjs.org/docs/messages/deopted-into-client-rendering /club-details
- warn Entire page /basket deopted into client-side rendering. https://nextjs.org/docs/messages/deopted-into-client-rendering /basket
[2K[1G[?25h- [36minfo[39m Generating static pages (18/18)
[?25l- [36minfo[39m Finalizing page optimization [36m.[39m[2K[1G[?25h- [36minfo[39m Finalizing page optimization  

[4mRoute (app)[24m                                [4mSize[24m     [4mFirst Load JS[24m
┌ ○ /                                      3.79 kB         [31m[1m179 kB[22m[39m
├ ○ /_not-found                            0 B                [32m0 B[39m
├ ○ /add-review                            1.61 kB         [33m131 kB[39m
├ ○ /basket                                21.6 kB         [33m151 kB[39m
├ ○ /bookings                              1.87 kB         [33m132 kB[39m
├ ○ /checkout/cancel                       905 B          [32m79.5 kB[39m
├ ○ /checkout/success                      1.34 kB         [33m131 kB[39m
├ ○ /club-details                          4.53 kB         [33m134 kB[39m
├ ○ /favicon.ico                           0 B                [32m0 B[39m
├ ○ /home                                  2.53 kB         [31m[1m178 kB[22m[39m
├ ○ /login                                 2.47 kB         [32m121 kB[39m
├ ○ /privacy-policy                        1.17 kB         [33m131 kB[39m
├ ○ /settings                              929 B           [33m131 kB[39m
├ ○ /settings/login-and-security           1.39 kB         [33m131 kB[39m
├ ○ /support                               1.06 kB         [33m131 kB[39m
└ ○ /terms-of-service                      1.11 kB         [33m131 kB[39m
+ First Load JS shared by all              [32m78.6 kB[39m
  ├ chunks/1dd3208c-90cbacc96b1e7a2f.js    50.6 kB
  ├ chunks/575-486998081838c4e8.js         26 kB
  ├ chunks/main-app-fa040a4d555c3a3f.js    221 B
  └ chunks/webpack-71a6454e46907695.js     1.81 kB

[4mRoute (pages)[24m                              [4mSize[24m     [4mFirst Load JS[24m
─ ○ /404                                   178 B          [32m75.9 kB[39m
+ First Load JS shared by all              [32m75.7 kB[39m
  ├ chunks/framework-fef96c9893968102.js   45.1 kB
  ├ chunks/main-55f9b1dc617fb7ed.js        28.6 kB
  ├ chunks/pages/_app-12a7bb3ca92362ee.js  194 B
  └ chunks/webpack-71a6454e46907695.js     1.81 kB

○  (Static)  automatically rendered as static HTML (uses no initial props)

[?25h[1G[0K⠙[1G[0K
