

> web-manager@0.1.0 build
> next build

[1G[0K- [36minfo[39m Loaded env from /Users/mattiagori/Desktop/clubster-nextjs/apps/web-manager/.env.local
[?25l- [36minfo[39m Creating an optimized production build [36m.[39m[2K[1G- [36minfo[39m Creating an optimized production build [36m..[39m[2K[1G- [36minfo[39m Creating an optimized production build [36m...[39m[2K[1G- [36minfo[39m Creating an optimized production build [36m.[39m[2K[1G- [36minfo[39m Creating an optimized production build [36m..[39m[2K[1G- [36minfo[39m Creating an optimized production build [36m...[39m[2K[1G- [36minfo[39m Creating an optimized production build [36m.[39m[2K[1G- [36minfo[39m Creating an optimized production build [36m..[39m[2K[1G- [36minfo[39m Creating an optimized production build [36m...[39m[2K[1G- [36minfo[39m Creating an optimized production build [36m.[39m[2K[1G- [36minfo[39m Creating an optimized production build [36m..[39m[2K[1G- [36minfo[39m Creating an optimized production build [36m...[39m[2K[1G- [36minfo[39m Creating an optimized production build [36m.[39m[2K[1G- [36minfo[39m Creating an optimized production build [36m..[39m[2K[1G[?25h- [36minfo[39m Creating an optimized production build  
- [36minfo[39m Compiled successfully
[?25l- [36minfo[39m Linting and checking validity of types [36m.[39m[2K[1G- [36minfo[39m Linting and checking validity of types [36m..[39m[2K[1G- [36minfo[39m Linting and checking validity of types [36m...[39m[2K[1G- [36minfo[39m Linting and checking validity of types [36m.[39m[2K[1G- [36minfo[39m Linting and checking validity of types [36m..[39m[2K[1G- [36minfo[39m Linting and checking validity of types [36m...[39m[2K[1G- [36minfo[39m Linting and checking validity of types [36m.[39m[2K[1G- [36minfo[39m Linting and checking validity of types [36m..[39m[2K[1G- [36minfo[39m Linting and checking validity of types [36m...[39m[2K[1G- [36minfo[39m Linting and checking validity of types [36m.[39m[2K[1G- [36minfo[39m Linting and checking validity of types [36m..[39m[2K[1G[?25h- [36minfo[39m Linting and checking validity of types  
[?25l- [36minfo[39m Collecting page data [36m.[39m[2K[1G- [36minfo[39m Collecting page data [36m..[39m[2K[1G[?25h- [36minfo[39m Collecting page data  
[?25l[36m[    ][39m - [36minfo[39m Generating static pages (0/22)- warn 
metadata.metadataBase is not set for resolving social open graph or twitter images, using "http://localhost:3000". See https://nextjs.org/docs/app/api-reference/functions/generate-metadata#metadatabase
(node:21076) [DEP0040] DeprecationWarning: The `punycode` module is deprecated. Please use a userland alternative instead.
(Use `node --trace-deprecation ...` to show where the warning was created)
- warn 
metadata.metadataBase is not set for resolving social open graph or twitter images, using "http://localhost:3000". See https://nextjs.org/docs/app/api-reference/functions/generate-metadata#metadatabase
- warn 
metadata.metadataBase is not set for resolving social open graph or twitter images, using "http://localhost:3000". See https://nextjs.org/docs/app/api-reference/functions/generate-metadata#metadatabase
(node:21069) [DEP0040] DeprecationWarning: The `punycode` module is deprecated. Please use a userland alternative instead.
(Use `node --trace-deprecation ...` to show where the warning was created)
(node:21075) [DEP0040] DeprecationWarning: The `punycode` module is deprecated. Please use a userland alternative instead.
(Use `node --trace-deprecation ...` to show where the warning was created)
- warn 
metadata.metadataBase is not set for resolving social open graph or twitter images, using "http://localhost:3000". See https://nextjs.org/docs/app/api-reference/functions/generate-metadata#metadatabase
(node:21072) [DEP0040] DeprecationWarning: The `punycode` module is deprecated. Please use a userland alternative instead.
(Use `node --trace-deprecation ...` to show where the warning was created)
- warn 
metadata.metadataBase is not set for resolving social open graph or twitter images, using "http://localhost:3000". See https://nextjs.org/docs/app/api-reference/functions/generate-metadata#metadatabase
(node:21071) [DEP0040] DeprecationWarning: The `punycode` module is deprecated. Please use a userland alternative instead.
(Use `node --trace-deprecation ...` to show where the warning was created)
- warn 
metadata.metadataBase is not set for resolving social open graph or twitter images, using "http://localhost:3000". See https://nextjs.org/docs/app/api-reference/functions/generate-metadata#metadatabase
- warn Entire page /events/edit-event deopted into client-side rendering. https://nextjs.org/docs/messages/deopted-into-client-rendering /events/edit-event
- warn 
metadata.metadataBase is not set for resolving social open graph or twitter images, using "http://localhost:3000". See https://nextjs.org/docs/app/api-reference/functions/generate-metadata#metadatabase
(node:21073) [DEP0040] DeprecationWarning: The `punycode` module is deprecated. Please use a userland alternative instead.
(Use `node --trace-deprecation ...` to show where the warning was created)
(node:21070) [DEP0040] DeprecationWarning: The `punycode` module is deprecated. Please use a userland alternative instead.
(Use `node --trace-deprecation ...` to show where the warning was created)
[2K[1G[?25h- [36minfo[39m Generating static pages (22/22)
[?25l- [36minfo[39m Finalizing page optimization [36m.[39m[2K[1G[?25h- [36minfo[39m Finalizing page optimization  

[4mRoute (app)[24m                                [4mSize[24m     [4mFirst Load JS[24m
┌ ○ /                                      3.71 kB        [32m90.2 kB[39m
├ ○ /_not-found                            0 B                [32m0 B[39m
├ ○ /analytics                             9.29 kB         [31m[1m242 kB[22m[39m
├ ○ /bookings                              5.38 kB         [33m135 kB[39m
├ ○ /dashboard                             1.98 kB         [31m[1m235 kB[22m[39m
├ ○ /events                                4.76 kB         [33m135 kB[39m
├ ○ /events/edit-event                     4.74 kB         [33m168 kB[39m
├ ○ /events/new-event                      4.59 kB         [33m167 kB[39m
├ ○ /favicon.ico                           0 B                [32m0 B[39m
├ ○ /login                                 2.73 kB         [32m121 kB[39m
├ ○ /payments                              4.77 kB         [33m135 kB[39m
├ ○ /privacy-policy                        2.88 kB        [32m89.4 kB[39m
├ ○ /settings                              3.75 kB         [33m134 kB[39m
├ ○ /settings/general                      3.53 kB         [33m138 kB[39m
├ ○ /settings/legal                        814 B           [33m136 kB[39m
├ ○ /settings/login-and-security           1.23 kB         [33m136 kB[39m
├ ○ /signup                                2.64 kB         [32m121 kB[39m
├ ○ /stripe/callback                       3.51 kB         [33m133 kB[39m
├ ○ /terms-of-service                      2.78 kB        [32m89.3 kB[39m
└ ○ /verify-club                           3.23 kB         [32m127 kB[39m
+ First Load JS shared by all              [32m78.7 kB[39m
  ├ chunks/1dd3208c-28ae0b91a4f86921.js    50.6 kB
  ├ chunks/575-e25ebf48e2802868.js         26.1 kB
  ├ chunks/main-app-1de167840286bdec.js    226 B
  └ chunks/webpack-7962047b8d362905.js     1.82 kB

[4mRoute (pages)[24m                              [4mSize[24m     [4mFirst Load JS[24m
─ ○ /404                                   182 B            [32m76 kB[39m
+ First Load JS shared by all              [32m75.8 kB[39m
  ├ chunks/framework-8ae47e43852bcf35.js   45.1 kB
  ├ chunks/main-5204531fc630d98a.js        28.8 kB
  ├ chunks/pages/_app-6e23c821c1586b5d.js  197 B
  └ chunks/webpack-7962047b8d362905.js     1.82 kB

○  (Static)  automatically rendered as static HTML (uses no initial props)

[?25h[1G[0K⠙[1G[0K
